0 info it worked if it ends with ok
1 verbose cli [ '/usr/local/Cellar/node/5.0.0/bin/node',
1 verbose cli   '/usr/local/bin/npm',
1 verbose cli   'run',
1 verbose cli   'test' ]
2 info using npm@3.3.9
3 info using node@v5.0.0
4 verbose run-script [ 'pretest', 'test', 'posttest' ]
5 info lifecycle lifestyle_design@1.0.0~pretest: lifestyle_design@1.0.0
6 silly lifecycle lifestyle_design@1.0.0~pretest: no script for pretest, continuing
7 info lifecycle lifestyle_design@1.0.0~test: lifestyle_design@1.0.0
8 verbose lifecycle lifestyle_design@1.0.0~test: unsafe-perm in lifecycle true
9 verbose lifecycle lifestyle_design@1.0.0~test: PATH: /usr/local/lib/node_modules/npm/bin/node-gyp-bin:/Users/Carl/Programs/personal/lifestyle_design/node_modules/.bin:/Users/Carl/.gem/ruby/2.0.0/bin:/Users/Carl/.rubies/ruby-2.0.0-p576/lib/ruby/gems/2.0.0/bin:/Users/Carl/.rubies/ruby-2.0.0-p576/bin:/Users/Carl/.rbenv/shims:/usr/local/bin:/usr/local/sbin:/usr/local/mysql/bin:/usr/local/bin:/usr/bin:/bin:/usr/sbin:/sbin:/Applications/Postgres.app/Contents/Versions/9.4/bin
10 verbose lifecycle lifestyle_design@1.0.0~test: CWD: /Users/Carl/Programs/personal/lifestyle_design
11 silly lifecycle lifestyle_design@1.0.0~test: Args: [ '-c',
11 silly lifecycle   'mocha --compilers js:babel-register --require ./test/test_helper.js --recursive' ]
12 silly lifecycle lifestyle_design@1.0.0~test: Returned: code: 1  signal: null
13 info lifecycle lifestyle_design@1.0.0~test: Failed to exec test script
14 verbose stack Error: lifestyle_design@1.0.0 test: `mocha --compilers js:babel-register --require ./test/test_helper.js --recursive`
14 verbose stack Exit status 1
14 verbose stack     at EventEmitter.<anonymous> (/usr/local/lib/node_modules/npm/lib/utils/lifecycle.js:233:16)
14 verbose stack     at emitTwo (events.js:87:13)
14 verbose stack     at EventEmitter.emit (events.js:172:7)
14 verbose stack     at ChildProcess.<anonymous> (/usr/local/lib/node_modules/npm/lib/utils/spawn.js:24:14)
14 verbose stack     at emitTwo (events.js:87:13)
14 verbose stack     at ChildProcess.emit (events.js:172:7)
14 verbose stack     at maybeClose (internal/child_process.js:818:16)
14 verbose stack     at Process.ChildProcess._handle.onexit (internal/child_process.js:211:5)
15 verbose pkgid lifestyle_design@1.0.0
16 verbose cwd /Users/Carl/Programs/personal/lifestyle_design
17 error Darwin 15.0.0
18 error argv "/usr/local/Cellar/node/5.0.0/bin/node" "/usr/local/bin/npm" "run" "test"
19 error node v5.0.0
20 error npm  v3.3.9
21 error code ELIFECYCLE
22 error lifestyle_design@1.0.0 test: `mocha --compilers js:babel-register --require ./test/test_helper.js --recursive`
22 error Exit status 1
23 error Failed at the lifestyle_design@1.0.0 test script 'mocha --compilers js:babel-register --require ./test/test_helper.js --recursive'.
23 error This is most likely a problem with the lifestyle_design package,
23 error not with npm itself.
23 error Tell the author that this fails on your system:
23 error     mocha --compilers js:babel-register --require ./test/test_helper.js --recursive
23 error You can get their info via:
23 error     npm owner ls lifestyle_design
23 error There is likely additional logging output above.
24 verbose exit [ 1, true ]
